<?xml version="1.0" encoding="UTF-8"?>
<testng-results ignored="1" total="2" passed="1" failed="0" skipped="0">
  <reporter-output>
  </reporter-output>
  <suite started-at="2024-12-18T21:12:55 IST" name="Default suite" finished-at="2024-12-18T21:13:14 IST" duration-ms="18579">
    <groups>
    </groups>
    <test started-at="2024-12-18T21:12:55 IST" name="Default test" finished-at="2024-12-18T21:13:14 IST" duration-ms="18579">
      <class name="TestScript.JavaScriptExecutor">
        <test-method is-config="true" signature="initializeBrowser()[pri:0, instance:TestScript.JavaScriptExecutor@4b8ee4de]" started-at="2024-12-18T21:12:55 IST" name="initializeBrowser" finished-at="2024-12-18T21:13:12 IST" duration-ms="16946" status="PASS">
          <reporter-output>
          </reporter-output>
        </test-method> <!-- initializeBrowser -->
        <test-method signature="javaScriptScroll()[pri:0, instance:TestScript.JavaScriptExecutor@4b8ee4de]" started-at="2024-12-18T21:13:12 IST" name="javaScriptScroll" finished-at="2024-12-18T21:13:14 IST" duration-ms="1557" status="PASS">
          <reporter-output>
          </reporter-output>
        </test-method> <!-- javaScriptScroll -->
        <test-method is-config="true" signature="driverQuitandClose()[pri:0, instance:TestScript.JavaScriptExecutor@4b8ee4de]" started-at="2024-12-18T21:13:14 IST" name="driverQuitandClose" finished-at="2024-12-18T21:13:14 IST" duration-ms="0" status="PASS">
          <reporter-output>
          </reporter-output>
        </test-method> <!-- driverQuitandClose -->
      </class> <!-- TestScript.JavaScriptExecutor -->
    </test> <!-- Default test -->
  </suite> <!-- Default suite -->
</testng-results>
