<?xml version="1.0" encoding="UTF-8"?>
<!-- Generated by org.testng.reporters.JUnitXMLReporter -->
<testsuite ignored="1" hostname="sreedevi" failures="0" tests="1" name="Default test" time="18.579" errors="0" timestamp="2024-12-18T21:13:14 IST">
  <testcase classname="TestScript.JavaScriptExecutor" name="javaScriptScroll" time="1.557"/>
  <testcase classname="TestScript.JavaScriptExecutor" name="javaScriptExecutor" time="0.0">
    <ignored/>
  </testcase> <!-- javaScriptExecutor -->
</testsuite> <!-- Default test -->
